0 info it worked if it ends with ok
1 verbose cli [ 'C:\\Program Files\\nodejs\\node.exe',
1 verbose cli   'C:\\Users\\rzhj\\AppData\\Roaming\\npm\\node_modules\\cnpm\\node_modules\\npm\\bin\\npm-cli.js',
1 verbose cli   '--userconfig=C:\\Users\\rzhj\\.cnpmrc',
1 verbose cli   '--disturl=https://npm.taobao.org/mirrors/node',
1 verbose cli   '--cache=C:\\Users\\rzhj\\.cnpm',
1 verbose cli   '--registry=https://registry.npm.taobao.org',
1 verbose cli   '--node-gyp=C:\\Users\\rzhj\\AppData\\Roaming\\npm\\node_modules\\cnpm\\node_modules\\node-gyp\\bin\\node-gyp.js',
1 verbose cli   'install',
1 verbose cli   '-g',
1 verbose cli   'browser-sync' ]
2 info using npm@2.14.15
3 info using node@v4.2.1
4 verbose install initial load of C:\Program Files\nodejs\package.json
5 verbose readDependencies loading dependencies from C:\Program Files\nodejs\package.json
6 silly cache add args [ 'browser-sync', null ]
7 verbose cache add spec browser-sync
8 silly cache add parsed spec Result {
8 silly cache add   raw: 'browser-sync',
8 silly cache add   scope: null,
8 silly cache add   name: 'browser-sync',
8 silly cache add   rawSpec: '',
8 silly cache add   spec: 'latest',
8 silly cache add   type: 'tag' }
9 silly addNamed browser-sync@latest
10 verbose addNamed "latest" is being treated as a dist-tag for browser-sync
11 info addNameTag [ 'browser-sync', 'latest' ]
12 silly mapToRegistry name browser-sync
13 silly mapToRegistry using default registry
14 silly mapToRegistry registry https://registry.npm.taobao.org/
15 silly mapToRegistry uri https://registry.npm.taobao.org/browser-sync
16 verbose addNameTag registry:https://registry.npm.taobao.org/browser-sync not in flight; fetching
17 verbose request uri https://registry.npm.taobao.org/browser-sync
18 verbose request no auth needed
19 info attempt registry request try #1 at 17:45:43
20 verbose request id 7ff8b15313deea74
21 http request GET https://registry.npm.taobao.org/browser-sync
22 http 200 https://registry.npm.taobao.org/browser-sync
23 verbose headers { date: 'Wed, 20 Jan 2016 09:45:49 GMT',
23 verbose headers   'content-type': 'application/json; charset=utf-8',
23 verbose headers   'content-length': '442016',
23 verbose headers   connection: 'keep-alive',
23 verbose headers   etag: '"6bea0-BB/RHdrZ7b1qN7Qe1LuBdg"',
23 verbose headers   'x-readtime': '148' }
24 silly get cb [ 200,
24 silly get   { date: 'Wed, 20 Jan 2016 09:45:49 GMT',
24 silly get     'content-type': 'application/json; charset=utf-8',
24 silly get     'content-length': '442016',
24 silly get     connection: 'keep-alive',
24 silly get     etag: '"6bea0-BB/RHdrZ7b1qN7Qe1LuBdg"',
24 silly get     'x-readtime': '148' } ]
25 verbose get saving browser-sync to C:\Users\rzhj\.cnpm\registry.npm.taobao.org\browser-sync\.cache.json
26 silly addNameTag next cb for browser-sync with tag latest
27 silly addNamed browser-sync@2.11.1
28 verbose addNamed "2.11.1" is a plain semver version for browser-sync
29 silly mapToRegistry name browser-sync
30 silly mapToRegistry using default registry
31 silly mapToRegistry registry https://registry.npm.taobao.org/
32 silly mapToRegistry uri https://registry.npm.taobao.org/browser-sync
33 verbose addRemoteTarball https://registry.npm.taobao.org/browser-sync/download/browser-sync-2.11.1.tgz not in flight; adding
34 verbose addRemoteTarball [ 'https://registry.npm.taobao.org/browser-sync/download/browser-sync-2.11.1.tgz',
34 verbose addRemoteTarball   '025ce077a9d62c4a111e7caf0f7bb8cb3f5205be' ]
35 info retry fetch attempt 1 at 17:45:43
36 info attempt registry request try #1 at 17:45:43
37 http fetch GET https://registry.npm.taobao.org/browser-sync/download/browser-sync-2.11.1.tgz
38 http fetch 200 https://registry.npm.taobao.org/browser-sync/download/browser-sync-2.11.1.tgz
39 silly fetchAndShaCheck shasum 025ce077a9d62c4a111e7caf0f7bb8cb3f5205be
40 verbose addTmpTarball C:\Users\rzhj\AppData\Local\Temp\npm-46928-c0cdeed3\registry.npm.taobao.org\browser-sync\download\browser-sync-2.11.1.tgz not in flight; adding
41 verbose addTmpTarball already have metadata; skipping unpack for browser-sync@2.11.1
42 silly cache afterAdd browser-sync@2.11.1
43 verbose afterAdd C:\Users\rzhj\.cnpm\browser-sync\2.11.1\package\package.json not in flight; writing
44 verbose afterAdd C:\Users\rzhj\.cnpm\browser-sync\2.11.1\package\package.json written
45 silly install resolved [ { name: 'browser-sync',
45 silly install resolved     description: 'Live CSS Reload & Browser Syncing',
45 silly install resolved     version: '2.11.1',
45 silly install resolved     homepage: 'http://www.browsersync.io/',
45 silly install resolved     author: { name: 'Shane Osbourne' },
45 silly install resolved     repository:
45 silly install resolved      { type: 'git',
45 silly install resolved        url: 'git+https://github.com/browsersync/browser-sync.git' },
45 silly install resolved     license: 'Apache-2.0',
45 silly install resolved     bin: { 'browser-sync': 'bin/browser-sync.js' },
45 silly install resolved     files: [ 'bin', 'index.js', 'lib' ],
45 silly install resolved     engines: { node: '>= 0.8.0' },
45 silly install resolved     scripts:
45 silly install resolved      { env: 'node ./test/env.js',
45 silly install resolved        test: 'npm run lint && npm run env && npm run unit',
45 silly install resolved        lint: 'eslint index.js lib bin examples test/specs gulpfile.js',
45 silly install resolved        pro: 'protractor test/protractor/config.single.js',
45 silly install resolved        'pro-local': 'node test/protractor/setup.js',
45 silly install resolved        unit: 'mocha --recursive test/specs --timeout 10000',
45 silly install resolved        cover: 'npm run env && npm run cover-local && npm run coveralls',
45 silly install resolved        'cover-local': 'istanbul cover _mocha -- --timeout 10000 --recursive ./test/specs',
45 silly install resolved        coveralls: 'istanbul-coveralls',
45 silly install resolved        'pre-release': 'npm test && npm run pro-local && npm run pro' },
45 silly install resolved     dependencies:
45 silly install resolved      { 'async-each-series': '^0.1.1',
45 silly install resolved        'browser-sync-client': '^2.3.3',
45 silly install resolved        'browser-sync-ui': '^0.5.16',
45 silly install resolved        'bs-recipes': '^1.0.5',
45 silly install resolved        chokidar: '1.4.1',
45 silly install resolved        connect: '^3.4.0',
45 silly install resolved        'dev-ip': '^1.0.1',
45 silly install resolved        'easy-extender': '^2.3.1',
45 silly install resolved        'eazy-logger': '^2.1.2',
45 silly install resolved        'emitter-steward': '^1.0.0',
45 silly install resolved        foxy: '^11.1.2',
45 silly install resolved        'fs-extra': '^0.26.2',
45 silly install resolved        immutable: '^3.7.4',
45 silly install resolved        localtunnel: '^1.7.0',
45 silly install resolved        lodash: '^3.9.3',
45 silly install resolved        longest: '^1.0.1',
45 silly install resolved        meow: '3.3.0',
45 silly install resolved        micromatch: '2.3.5',
45 silly install resolved        opn: '^3.0.2',
45 silly install resolved        portscanner: '^1.0.0',
45 silly install resolved        'query-string': '^2.4.0',
45 silly install resolved        'resp-modifier': '^5.0.0',
45 silly install resolved        'serve-index': '^1.7.0',
45 silly install resolved        'serve-static': '^1.10.0',
45 silly install resolved        'socket.io': '1.3.7',
45 silly install resolved        'ua-parser-js': '^0.7.9',
45 silly install resolved        ucfirst: '^1.0.0' },
45 silly install resolved     devDependencies:
45 silly install resolved      { 'browser-sync-spa': '1.0.2',
45 silly install resolved        'bs-snippet-injector': '2.0.1',
45 silly install resolved        chai: '3.2.0',
45 silly install resolved        chalk: '1.1.1',
45 silly install resolved        eslint: '1.3.1',
45 silly install resolved        'graceful-fs': '3.0.8',
45 silly install resolved        gulp: '3.9.0',
45 silly install resolved        'gulp-contribs': '0.0.3',
45 silly install resolved        'gulp-conventional-changelog': '0.4.0',
45 silly install resolved        'gulp-filter': '2.0.2',
45 silly install resolved        istanbul: '0.3.19',
45 silly install resolved        'istanbul-coveralls': '1.0.3',
45 silly install resolved        mocha: '2.3.0',
45 silly install resolved        q: '1.4.1',
45 silly install resolved        request: '2.61.0',
45 silly install resolved        rimraf: '^2.4.3',
45 silly install resolved        sinon: '1.15.4',
45 silly install resolved        slugify: '0.1.1',
45 silly install resolved        'socket.io-client': '1.3.7',
45 silly install resolved        supertest: '1.1.0',
45 silly install resolved        vinyl: '0.5.3' },
45 silly install resolved     keywords: [ 'browser sync', 'css', 'live reload', 'sync' ],
45 silly install resolved     gitHead: '49786e35d603408948217ff4e166ccb1a0059cbf',
45 silly install resolved     bugs: { url: 'https://github.com/browsersync/browser-sync/issues' },
45 silly install resolved     _id: 'browser-sync@2.11.1',
45 silly install resolved     _shasum: '025ce077a9d62c4a111e7caf0f7bb8cb3f5205be',
45 silly install resolved     _from: 'browser-sync@latest',
45 silly install resolved     _npmVersion: '2.14.7',
45 silly install resolved     _nodeVersion: '4.2.2',
45 silly install resolved     _npmUser: { name: 'shakyshane', email: 'shakyshane@gmail.com' },
45 silly install resolved     dist:
45 silly install resolved      { shasum: '025ce077a9d62c4a111e7caf0f7bb8cb3f5205be',
45 silly install resolved        size: 72991,
45 silly install resolved        noattachment: false,
45 silly install resolved        tarball: 'http://registry.npm.taobao.org/browser-sync/download/browser-sync-2.11.1.tgz' },
45 silly install resolved     maintainers: [ [Object] ],
45 silly install resolved     directories: {},
45 silly install resolved     publish_time: 1453062722182,
45 silly install resolved     _cnpm_publish_time: 1453062722182,
45 silly install resolved     _resolved: 'https://registry.npm.taobao.org/browser-sync/download/browser-sync-2.11.1.tgz' } ]
46 info install browser-sync@2.11.1 into C:\Program Files\nodejs
47 info installOne browser-sync@2.11.1
48 verbose installOne of browser-sync to C:\Program Files\nodejs not in flight; installing
49 verbose lock using C:\Users\rzhj\.cnpm\_locks\browser-sync-9a5eb0570732c78e.lock for C:\Program Files\nodejs\node_modules\browser-sync
50 silly install write writing browser-sync 2.11.1 to C:\Program Files\nodejs\node_modules\browser-sync
51 verbose unbuild node_modules\browser-sync
52 silly gentlyRm C:\Program Files\nodejs\node_modules\browser-sync is being purged from base C:\Program Files\nodejs
53 verbose gentlyRm don't care about contents; nuking C:\Program Files\nodejs\node_modules\browser-sync
54 verbose tar unpack C:\Users\rzhj\.cnpm\browser-sync\2.11.1\package.tgz
55 verbose tar unpacking to C:\Program Files\nodejs\node_modules\browser-sync
56 silly gentlyRm C:\Program Files\nodejs\node_modules\browser-sync is being purged
57 verbose gentlyRm don't care about contents; nuking C:\Program Files\nodejs\node_modules\browser-sync
58 silly gunzTarPerm modes [ '777', '666' ]
59 error tar.unpack untar error C:\Users\rzhj\.cnpm\browser-sync\2.11.1\package.tgz
60 verbose unlock done using C:\Users\rzhj\.cnpm\_locks\browser-sync-9a5eb0570732c78e.lock for C:\Program Files\nodejs\node_modules\browser-sync
61 verbose fstream_path C:\Program Files\nodejs\node_modules\browser-sync
62 verbose fstream_type Directory
63 verbose fstream_class DirWriter
64 verbose stack Error: EPERM: operation not permitted, mkdir 'C:\Program Files\nodejs\node_modules\browser-sync'
64 verbose stack     at Error (native)
65 verbose fstream_stack C:\Users\rzhj\AppData\Roaming\npm\node_modules\cnpm\node_modules\npm\node_modules\fstream\lib\dir-writer.js:35:25
65 verbose fstream_stack C:\Users\rzhj\AppData\Roaming\npm\node_modules\cnpm\node_modules\npm\node_modules\mkdirp\index.js:47:53
65 verbose fstream_stack FSReqWrap.oncomplete (fs.js:82:15)
66 verbose cwd E:\zjruan.github.io\demo
67 error Windows_NT 10.0.10240
68 error argv "C:\\Program Files\\nodejs\\node.exe" "C:\\Users\\rzhj\\AppData\\Roaming\\npm\\node_modules\\cnpm\\node_modules\\npm\\bin\\npm-cli.js" "--userconfig=C:\\Users\\rzhj\\.cnpmrc" "--disturl=https://npm.taobao.org/mirrors/node" "--cache=C:\\Users\\rzhj\\.cnpm" "--registry=https://registry.npm.taobao.org" "--node-gyp=C:\\Users\\rzhj\\AppData\\Roaming\\npm\\node_modules\\cnpm\\node_modules\\node-gyp\\bin\\node-gyp.js" "install" "-g" "browser-sync"
69 error node v4.2.1
70 error npm  v2.14.15
71 error path C:\Program Files\nodejs\node_modules\browser-sync
72 error code EPERM
73 error errno -4048
74 error syscall mkdir
75 error Error: EPERM: operation not permitted, mkdir 'C:\Program Files\nodejs\node_modules\browser-sync'
75 error     at Error (native)
75 error  { [Error: EPERM: operation not permitted, mkdir 'C:\Program Files\nodejs\node_modules\browser-sync']
75 error   errno: -4048,
75 error   code: 'EPERM',
75 error   syscall: 'mkdir',
75 error   path: 'C:\\Program Files\\nodejs\\node_modules\\browser-sync',
75 error   fstream_type: 'Directory',
75 error   fstream_path: 'C:\\Program Files\\nodejs\\node_modules\\browser-sync',
75 error   fstream_class: 'DirWriter',
75 error   fstream_stack:
75 error    [ 'C:\\Users\\rzhj\\AppData\\Roaming\\npm\\node_modules\\cnpm\\node_modules\\npm\\node_modules\\fstream\\lib\\dir-writer.js:35:25',
75 error      'C:\\Users\\rzhj\\AppData\\Roaming\\npm\\node_modules\\cnpm\\node_modules\\npm\\node_modules\\mkdirp\\index.js:47:53',
75 error      'FSReqWrap.oncomplete (fs.js:82:15)' ] }
76 error Please try running this command again as root/Administrator.
77 verbose exit [ -4048, true ]
78 verbose unbuild node_modules\browser-sync
79 silly gentlyRm C:\Program Files\nodejs\node_modules\browser-sync is being purged from base C:\Program Files\nodejs
80 verbose gentlyRm don't care about contents; nuking C:\Program Files\nodejs\node_modules\browser-sync
